[2m2020-11-16 01:14:04.986[0;39m [32m INFO[0;39m [35m17836[0;39m [2m---[0;39m [2m[      Thread-14][0;39m [36mo.s.s.concurrent.ThreadPoolTaskExecutor [0;39m [2m:[0;39m Shutting down ExecutorService 'applicationTaskExecutor'
[2m2020-11-16 01:14:06.539[0;39m [32m INFO[0;39m [35m17836[0;39m [2m---[0;39m [2m[  restartedMain][0;39m [36mo.s.b.w.embedded.tomcat.TomcatWebServer [0;39m [2m:[0;39m Tomcat initialized with port(s): 9999 (http)
[2m2020-11-16 01:14:06.592[0;39m [32m INFO[0;39m [35m17836[0;39m [2m---[0;39m [2m[  restartedMain][0;39m [36mw.s.c.ServletWebServerApplicationContext[0;39m [2m:[0;39m Root WebApplicationContext: initialization completed in 1131 ms
[2m2020-11-16 01:14:07.062[0;39m [32m INFO[0;39m [35m17836[0;39m [2m---[0;39m [2m[  restartedMain][0;39m [36mo.s.s.concurrent.ThreadPoolTaskExecutor [0;39m [2m:[0;39m Initializing ExecutorService 'applicationTaskExecutor'
[2m2020-11-16 01:14:07.086[0;39m [32m INFO[0;39m [35m17836[0;39m [2m---[0;39m [2m[  restartedMain][0;39m [36mo.s.b.d.a.OptionalLiveReloadServer      [0;39m [2m:[0;39m LiveReload server is running on port 35729
[2m2020-11-16 01:14:07.212[0;39m [32m INFO[0;39m [35m17836[0;39m [2m---[0;39m [2m[  restartedMain][0;39m [36mo.s.b.w.embedded.tomcat.TomcatWebServer [0;39m [2m:[0;39m Tomcat started on port(s): 9999 (http) with context path '/vue'
[2m2020-11-16 01:14:07.275[0;39m [32m INFO[0;39m [35m17836[0;39m [2m---[0;39m [2m[  restartedMain][0;39m [36m.ConditionEvaluationDeltaLoggingListener[0;39m [2m:[0;39m Condition evaluation unchanged
[2m2020-11-16 01:14:22.394[0;39m [32m INFO[0;39m [35m17836[0;39m [2m---[0;39m [2m[      Thread-19][0;39m [36mo.s.s.concurrent.ThreadPoolTaskExecutor [0;39m [2m:[0;39m Shutting down ExecutorService 'applicationTaskExecutor'
[2m2020-11-16 01:14:23.794[0;39m [32m INFO[0;39m [35m17836[0;39m [2m---[0;39m [2m[  restartedMain][0;39m [36mo.s.b.w.embedded.tomcat.TomcatWebServer [0;39m [2m:[0;39m Tomcat initialized with port(s): 9999 (http)
[2m2020-11-16 01:14:23.851[0;39m [32m INFO[0;39m [35m17836[0;39m [2m---[0;39m [2m[  restartedMain][0;39m [36mw.s.c.ServletWebServerApplicationContext[0;39m [2m:[0;39m Root WebApplicationContext: initialization completed in 1002 ms
[2m2020-11-16 01:14:24.277[0;39m [32m INFO[0;39m [35m17836[0;39m [2m---[0;39m [2m[  restartedMain][0;39m [36mo.s.s.concurrent.ThreadPoolTaskExecutor [0;39m [2m:[0;39m Initializing ExecutorService 'applicationTaskExecutor'
[2m2020-11-16 01:14:24.294[0;39m [32m INFO[0;39m [35m17836[0;39m [2m---[0;39m [2m[  restartedMain][0;39m [36mo.s.b.d.a.OptionalLiveReloadServer      [0;39m [2m:[0;39m LiveReload server is running on port 35729
[2m2020-11-16 01:14:24.412[0;39m [32m INFO[0;39m [35m17836[0;39m [2m---[0;39m [2m[  restartedMain][0;39m [36mo.s.b.w.embedded.tomcat.TomcatWebServer [0;39m [2m:[0;39m Tomcat started on port(s): 9999 (http) with context path '/vue'
[2m2020-11-16 01:14:24.468[0;39m [32m INFO[0;39m [35m17836[0;39m [2m---[0;39m [2m[  restartedMain][0;39m [36m.ConditionEvaluationDeltaLoggingListener[0;39m [2m:[0;39m Condition evaluation unchanged
[2m2020-11-16 01:14:49.419[0;39m [32m INFO[0;39m [35m17836[0;39m [2m---[0;39m [2m[      Thread-24][0;39m [36mo.s.s.concurrent.ThreadPoolTaskExecutor [0;39m [2m:[0;39m Shutting down ExecutorService 'applicationTaskExecutor'
[2m2020-11-16 01:14:50.462[0;39m [32m INFO[0;39m [35m17836[0;39m [2m---[0;39m [2m[  restartedMain][0;39m [36mo.s.b.w.embedded.tomcat.TomcatWebServer [0;39m [2m:[0;39m Tomcat initialized with port(s): 9999 (http)
[2m2020-11-16 01:14:50.496[0;39m [32m INFO[0;39m [35m17836[0;39m [2m---[0;39m [2m[  restartedMain][0;39m [36mw.s.c.ServletWebServerApplicationContext[0;39m [2m:[0;39m Root WebApplicationContext: initialization completed in 755 ms
[2m2020-11-16 01:14:50.874[0;39m [32m INFO[0;39m [35m17836[0;39m [2m---[0;39m [2m[  restartedMain][0;39m [36mo.s.s.concurrent.ThreadPoolTaskExecutor [0;39m [2m:[0;39m Initializing ExecutorService 'applicationTaskExecutor'
[2m2020-11-16 01:14:50.883[0;39m [32m INFO[0;39m [35m17836[0;39m [2m---[0;39m [2m[  restartedMain][0;39m [36mo.s.b.d.a.OptionalLiveReloadServer      [0;39m [2m:[0;39m LiveReload server is running on port 35729
[2m2020-11-16 01:14:50.976[0;39m [32m INFO[0;39m [35m17836[0;39m [2m---[0;39m [2m[  restartedMain][0;39m [36mo.s.b.w.embedded.tomcat.TomcatWebServer [0;39m [2m:[0;39m Tomcat started on port(s): 9999 (http) with context path '/vue'
[2m2020-11-16 01:14:51.031[0;39m [32m INFO[0;39m [35m17836[0;39m [2m---[0;39m [2m[  restartedMain][0;39m [36m.ConditionEvaluationDeltaLoggingListener[0;39m [2m:[0;39m Condition evaluation unchanged
[2m2020-11-16 01:15:02.247[0;39m [32m INFO[0;39m [35m17836[0;39m [2m---[0;39m [2m[      Thread-29][0;39m [36mo.s.s.concurrent.ThreadPoolTaskExecutor [0;39m [2m:[0;39m Shutting down ExecutorService 'applicationTaskExecutor'
[2m2020-11-16 01:15:03.670[0;39m [32m INFO[0;39m [35m17836[0;39m [2m---[0;39m [2m[  restartedMain][0;39m [36mo.s.b.w.embedded.tomcat.TomcatWebServer [0;39m [2m:[0;39m Tomcat initialized with port(s): 9999 (http)
[2m2020-11-16 01:15:03.726[0;39m [32m INFO[0;39m [35m17836[0;39m [2m---[0;39m [2m[  restartedMain][0;39m [36mw.s.c.ServletWebServerApplicationContext[0;39m [2m:[0;39m Root WebApplicationContext: initialization completed in 1213 ms
[2m2020-11-16 01:15:04.170[0;39m [32m INFO[0;39m [35m17836[0;39m [2m---[0;39m [2m[  restartedMain][0;39m [36mo.s.s.concurrent.ThreadPoolTaskExecutor [0;39m [2m:[0;39m Initializing ExecutorService 'applicationTaskExecutor'
[2m2020-11-16 01:15:04.202[0;39m [32m INFO[0;39m [35m17836[0;39m [2m---[0;39m [2m[  restartedMain][0;39m [36mo.s.b.d.a.OptionalLiveReloadServer      [0;39m [2m:[0;39m LiveReload server is running on port 35729
[2m2020-11-16 01:15:04.461[0;39m [32m INFO[0;39m [35m17836[0;39m [2m---[0;39m [2m[  restartedMain][0;39m [36mo.s.b.w.embedded.tomcat.TomcatWebServer [0;39m [2m:[0;39m Tomcat started on port(s): 9999 (http) with context path '/vue'
[2m2020-11-16 01:15:04.657[0;39m [32m INFO[0;39m [35m17836[0;39m [2m---[0;39m [2m[  restartedMain][0;39m [36m.ConditionEvaluationDeltaLoggingListener[0;39m [2m:[0;39m Condition evaluation unchanged
[2m2020-11-16 01:28:12.624[0;39m [32m INFO[0;39m [35m17836[0;39m [2m---[0;39m [2m[nio-9999-exec-1][0;39m [36mo.s.web.servlet.DispatcherServlet       [0;39m [2m:[0;39m Initializing Servlet 'dispatcherServlet'
[2m2020-11-16 01:28:12.632[0;39m [32m INFO[0;39m [35m17836[0;39m [2m---[0;39m [2m[nio-9999-exec-1][0;39m [36mo.s.web.servlet.DispatcherServlet       [0;39m [2m:[0;39m Completed initialization in 7 ms
[2m2020-11-16 01:28:12.647[0;39m [32mDEBUG[0;39m [35m17836[0;39m [2m---[0;39m [2m[nio-9999-exec-1][0;39m [36mc.ssafy.vue.controller.BoardController  [0;39m [2m:[0;39m retrieveBoard - í˜¸ì¶œ
[2m2020-11-16 01:29:30.387[0;39m [32mDEBUG[0;39m [35m17836[0;39m [2m---[0;39m [2m[nio-9999-exec-8][0;39m [36mc.ssafy.vue.controller.BoardController  [0;39m [2m:[0;39m retrieveBoard - í˜¸ì¶œ
[2m2020-11-16 01:31:07.971[0;39m [32mDEBUG[0;39m [35m17836[0;39m [2m---[0;39m [2m[io-9999-exec-10][0;39m [36mc.ssafy.vue.controller.BoardController  [0;39m [2m:[0;39m retrieveBoard - í˜¸ì¶œ
[2m2020-11-16 01:36:38.848[0;39m [32mDEBUG[0;39m [35m17836[0;39m [2m---[0;39m [2m[nio-9999-exec-4][0;39m [36mc.ssafy.vue.controller.BoardController  [0;39m [2m:[0;39m retrieveBoard - í˜¸ì¶œ
[2m2020-11-16 01:36:43.370[0;39m [32mDEBUG[0;39m [35m17836[0;39m [2m---[0;39m [2m[nio-9999-exec-8][0;39m [36mc.ssafy.vue.controller.BoardController  [0;39m [2m:[0;39m retrieveBoard - í˜¸ì¶œ
[2m2020-11-16 01:36:46.964[0;39m [32mDEBUG[0;39m [35m17836[0;39m [2m---[0;39m [2m[nio-9999-exec-5][0;39m [36mc.ssafy.vue.controller.BoardController  [0;39m [2m:[0;39m retrieveBoard - í˜¸ì¶œ
[2m2020-11-16 01:37:39.940[0;39m [32mDEBUG[0;39m [35m17836[0;39m [2m---[0;39m [2m[nio-9999-exec-1][0;39m [36mc.ssafy.vue.controller.BoardController  [0;39m [2m:[0;39m retrieveBoard - í˜¸ì¶œ
[2m2020-11-16 01:38:10.879[0;39m [32mDEBUG[0;39m [35m17836[0;39m [2m---[0;39m [2m[nio-9999-exec-9][0;39m [36mc.ssafy.vue.controller.BoardController  [0;39m [2m:[0;39m retrieveBoard - í˜¸ì¶œ
[2m2020-11-16 01:39:20.124[0;39m [32mDEBUG[0;39m [35m17836[0;39m [2m---[0;39m [2m[nio-9999-exec-2][0;39m [36mc.ssafy.vue.controller.BoardController  [0;39m [2m:[0;39m retrieveBoard - í˜¸ì¶œ
[2m2020-11-16 01:39:23.319[0;39m [32mDEBUG[0;39m [35m17836[0;39m [2m---[0;39m [2m[nio-9999-exec-7][0;39m [36mc.ssafy.vue.controller.BoardController  [0;39m [2m:[0;39m retrieveBoard - í˜¸ì¶œ
[2m2020-11-16 01:39:51.520[0;39m [32mDEBUG[0;39m [35m17836[0;39m [2m---[0;39m [2m[io-9999-exec-10][0;39m [36mc.ssafy.vue.controller.BoardController  [0;39m [2m:[0;39m retrieveBoard - í˜¸ì¶œ
[2m2020-11-16 01:41:20.081[0;39m [32mDEBUG[0;39m [35m17836[0;39m [2m---[0;39m [2m[nio-9999-exec-4][0;39m [36mc.ssafy.vue.controller.BoardController  [0;39m [2m:[0;39m retrieveBoard - í˜¸ì¶œ
[2m2020-11-16 01:44:05.104[0;39m [32mDEBUG[0;39m [35m17836[0;39m [2m---[0;39m [2m[nio-9999-exec-5][0;39m [36mc.ssafy.vue.controller.BoardController  [0;39m [2m:[0;39m retrieveBoard - í˜¸ì¶œ
[2m2020-11-16 01:44:07.787[0;39m [32mDEBUG[0;39m [35m17836[0;39m [2m---[0;39m [2m[nio-9999-exec-1][0;39m [36mc.ssafy.vue.controller.BoardController  [0;39m [2m:[0;39m detailBoard - í˜¸ì¶œ
[2m2020-11-16 01:47:49.823[0;39m [32mDEBUG[0;39m [35m17836[0;39m [2m---[0;39m [2m[nio-9999-exec-3][0;39m [36mc.ssafy.vue.controller.BoardController  [0;39m [2m:[0;39m detailBoard - í˜¸ì¶œ
[2m2020-11-16 01:57:19.772[0;39m [32mDEBUG[0;39m [35m17836[0;39m [2m---[0;39m [2m[nio-9999-exec-7][0;39m [36mc.ssafy.vue.controller.BoardController  [0;39m [2m:[0;39m detailBoard - í˜¸ì¶œ
[2m2020-11-16 01:58:50.630[0;39m [32m INFO[0;39m [35m17836[0;39m [2m---[0;39m [2m[      Thread-34][0;39m [36mo.s.s.concurrent.ThreadPoolTaskExecutor [0;39m [2m:[0;39m Shutting down ExecutorService 'applicationTaskExecutor'
[2m2020-11-16 01:58:52.412[0;39m [32m INFO[0;39m [35m17836[0;39m [2m---[0;39m [2m[  restartedMain][0;39m [36mo.s.b.w.embedded.tomcat.TomcatWebServer [0;39m [2m:[0;39m Tomcat initialized with port(s): 9999 (http)
[2m2020-11-16 01:58:52.451[0;39m [32m INFO[0;39m [35m17836[0;39m [2m---[0;39m [2m[  restartedMain][0;39m [36mw.s.c.ServletWebServerApplicationContext[0;39m [2m:[0;39m Root WebApplicationContext: initialization completed in 1297 ms
[2m2020-11-16 01:58:52.868[0;39m [32m INFO[0;39m [35m17836[0;39m [2m---[0;39m [2m[  restartedMain][0;39m [36mo.s.s.concurrent.ThreadPoolTaskExecutor [0;39m [2m:[0;39m Initializing ExecutorService 'applicationTaskExecutor'
[2m2020-11-16 01:58:52.882[0;39m [32m INFO[0;39m [35m17836[0;39m [2m---[0;39m [2m[  restartedMain][0;39m [36mo.s.b.d.a.OptionalLiveReloadServer      [0;39m [2m:[0;39m LiveReload server is running on port 35729
[2m2020-11-16 01:58:53.018[0;39m [32m INFO[0;39m [35m17836[0;39m [2m---[0;39m [2m[  restartedMain][0;39m [36mo.s.b.w.embedded.tomcat.TomcatWebServer [0;39m [2m:[0;39m Tomcat started on port(s): 9999 (http) with context path '/vue'
[2m2020-11-16 01:58:53.084[0;39m [32m INFO[0;39m [35m17836[0;39m [2m---[0;39m [2m[  restartedMain][0;39m [36m.ConditionEvaluationDeltaLoggingListener[0;39m [2m:[0;39m Condition evaluation unchanged
[2m2020-11-16 02:01:12.001[0;39m [32m INFO[0;39m [35m17836[0;39m [2m---[0;39m [2m[nio-9999-exec-2][0;39m [36mo.s.web.servlet.DispatcherServlet       [0;39m [2m:[0;39m Initializing Servlet 'dispatcherServlet'
[2m2020-11-16 02:01:12.020[0;39m [32m INFO[0;39m [35m17836[0;39m [2m---[0;39m [2m[nio-9999-exec-2][0;39m [36mo.s.web.servlet.DispatcherServlet       [0;39m [2m:[0;39m Completed initialization in 17 ms
[2m2020-11-16 02:01:12.023[0;39m [32mDEBUG[0;39m [35m17836[0;39m [2m---[0;39m [2m[nio-9999-exec-2][0;39m [36mc.ssafy.vue.controller.BoardController  [0;39m [2m:[0;39m detailBoard - í˜¸ì¶œ
[2m2020-11-16 02:01:15.164[0;39m [32mDEBUG[0;39m [35m17836[0;39m [2m---[0;39m [2m[nio-9999-exec-3][0;39m [36mc.ssafy.vue.controller.BoardController  [0;39m [2m:[0;39m detailBoard - í˜¸ì¶œ
[2m2020-11-16 02:01:17.086[0;39m [32mDEBUG[0;39m [35m17836[0;39m [2m---[0;39m [2m[nio-9999-exec-4][0;39m [36mc.ssafy.vue.controller.BoardController  [0;39m [2m:[0;39m detailBoard - í˜¸ì¶œ
[2m2020-11-16 02:01:47.769[0;39m [32mDEBUG[0;39m [35m17836[0;39m [2m---[0;39m [2m[nio-9999-exec-1][0;39m [36mc.ssafy.vue.controller.BoardController  [0;39m [2m:[0;39m detailBoard - í˜¸ì¶œ
[2m2020-11-16 02:01:55.451[0;39m [32mDEBUG[0;39m [35m17836[0;39m [2m---[0;39m [2m[nio-9999-exec-7][0;39m [36mc.ssafy.vue.controller.BoardController  [0;39m [2m:[0;39m detailBoard - í˜¸ì¶œ
[2m2020-11-16 02:03:45.245[0;39m [32mDEBUG[0;39m [35m17836[0;39m [2m---[0;39m [2m[nio-9999-exec-9][0;39m [36mc.ssafy.vue.controller.BoardController  [0;39m [2m:[0;39m detailBoard - í˜¸ì¶œ
[2m2020-11-16 02:03:46.201[0;39m [32mDEBUG[0;39m [35m17836[0;39m [2m---[0;39m [2m[io-9999-exec-10][0;39m [36mc.ssafy.vue.controller.BoardController  [0;39m [2m:[0;39m retrieveBoard - í˜¸ì¶œ
[2m2020-11-16 02:06:36.839[0;39m [32mDEBUG[0;39m [35m17836[0;39m [2m---[0;39m [2m[nio-9999-exec-7][0;39m [36mc.ssafy.vue.controller.BoardController  [0;39m [2m:[0;39m retrieveBoard - í˜¸ì¶œ
[2m2020-11-16 02:07:03.564[0;39m [32mDEBUG[0;39m [35m17836[0;39m [2m---[0;39m [2m[nio-9999-exec-6][0;39m [36mc.ssafy.vue.controller.BoardController  [0;39m [2m:[0;39m retrieveBoard - í˜¸ì¶œ
[2m2020-11-16 02:07:29.384[0;39m [32mDEBUG[0;39m [35m17836[0;39m [2m---[0;39m [2m[nio-9999-exec-9][0;39m [36mc.ssafy.vue.controller.BoardController  [0;39m [2m:[0;39m detailBoard - í˜¸ì¶œ
[2m2020-11-16 02:07:31.085[0;39m [32mDEBUG[0;39m [35m17836[0;39m [2m---[0;39m [2m[io-9999-exec-10][0;39m [36mc.ssafy.vue.controller.BoardController  [0;39m [2m:[0;39m retrieveBoard - í˜¸ì¶œ
[2m2020-11-16 02:08:49.961[0;39m [32m INFO[0;39m [35m17836[0;39m [2m---[0;39m [2m[      Thread-39][0;39m [36mo.s.s.concurrent.ThreadPoolTaskExecutor [0;39m [2m:[0;39m Shutting down ExecutorService 'applicationTaskExecutor'
[2m2020-11-16 02:08:51.638[0;39m [32m INFO[0;39m [35m17836[0;39m [2m---[0;39m [2m[  restartedMain][0;39m [36mo.s.b.w.embedded.tomcat.TomcatWebServer [0;39m [2m:[0;39m Tomcat initialized with port(s): 9999 (http)
[2m2020-11-16 02:08:51.680[0;39m [32m INFO[0;39m [35m17836[0;39m [2m---[0;39m [2m[  restartedMain][0;39m [36mw.s.c.ServletWebServerApplicationContext[0;39m [2m:[0;39m Root WebApplicationContext: initialization completed in 1119 ms
[2m2020-11-16 02:08:51.920[0;39m [32m INFO[0;39m [35m17836[0;39m [2m---[0;39m [2m[  restartedMain][0;39m [36mo.s.s.concurrent.ThreadPoolTaskExecutor [0;39m [2m:[0;39m Initializing ExecutorService 'applicationTaskExecutor'
[2m2020-11-16 02:08:51.931[0;39m [32m INFO[0;39m [35m17836[0;39m [2m---[0;39m [2m[  restartedMain][0;39m [36mo.s.b.d.a.OptionalLiveReloadServer      [0;39m [2m:[0;39m LiveReload server is running on port 35729
[2m2020-11-16 02:08:52.011[0;39m [32m INFO[0;39m [35m17836[0;39m [2m---[0;39m [2m[  restartedMain][0;39m [36mo.s.b.w.embedded.tomcat.TomcatWebServer [0;39m [2m:[0;39m Tomcat started on port(s): 9999 (http) with context path '/vue'
[2m2020-11-16 02:08:52.056[0;39m [32m INFO[0;39m [35m17836[0;39m [2m---[0;39m [2m[  restartedMain][0;39m [36m.ConditionEvaluationDeltaLoggingListener[0;39m [2m:[0;39m Condition evaluation unchanged
[2m2020-11-16 02:08:52.062[0;39m [32m INFO[0;39m [35m17836[0;39m [2m---[0;39m [2m[nio-9999-exec-1][0;39m [36mo.s.web.servlet.DispatcherServlet       [0;39m [2m:[0;39m Initializing Servlet 'dispatcherServlet'
[2m2020-11-16 02:08:52.067[0;39m [32m INFO[0;39m [35m17836[0;39m [2m---[0;39m [2m[nio-9999-exec-1][0;39m [36mo.s.web.servlet.DispatcherServlet       [0;39m [2m:[0;39m Completed initialization in 4 ms
[2m2020-11-16 02:08:52.071[0;39m [32mDEBUG[0;39m [35m17836[0;39m [2m---[0;39m [2m[nio-9999-exec-1][0;39m [36mc.ssafy.vue.controller.BoardController  [0;39m [2m:[0;39m retrieveBoard - í˜¸ì¶œ
[2m2020-11-16 02:08:59.420[0;39m [32mDEBUG[0;39m [35m17836[0;39m [2m---[0;39m [2m[nio-9999-exec-2][0;39m [36mc.ssafy.vue.controller.BoardController  [0;39m [2m:[0;39m retrieveBoard - í˜¸ì¶œ
[2m2020-11-16 02:09:02.659[0;39m [32mDEBUG[0;39m [35m17836[0;39m [2m---[0;39m [2m[nio-9999-exec-6][0;39m [36mc.ssafy.vue.controller.BoardController  [0;39m [2m:[0;39m retrieveBoard - í˜¸ì¶œ
[2m2020-11-16 02:12:56.659[0;39m [32m INFO[0;39m [35m17836[0;39m [2m---[0;39m [2m[      Thread-44][0;39m [36mo.s.s.concurrent.ThreadPoolTaskExecutor [0;39m [2m:[0;39m Shutting down ExecutorService 'applicationTaskExecutor'
[2m2020-11-16 02:12:57.906[0;39m [32m INFO[0;39m [35m17836[0;39m [2m---[0;39m [2m[  restartedMain][0;39m [36mo.s.b.w.embedded.tomcat.TomcatWebServer [0;39m [2m:[0;39m Tomcat initialized with port(s): 9999 (http)
[2m2020-11-16 02:12:57.943[0;39m [32m INFO[0;39m [35m17836[0;39m [2m---[0;39m [2m[  restartedMain][0;39m [36mw.s.c.ServletWebServerApplicationContext[0;39m [2m:[0;39m Root WebApplicationContext: initialization completed in 951 ms
[2m2020-11-16 02:12:58.198[0;39m [32m INFO[0;39m [35m17836[0;39m [2m---[0;39m [2m[  restartedMain][0;39m [36mo.s.s.concurrent.ThreadPoolTaskExecutor [0;39m [2m:[0;39m Initializing ExecutorService 'applicationTaskExecutor'
[2m2020-11-16 02:12:58.211[0;39m [32m INFO[0;39m [35m17836[0;39m [2m---[0;39m [2m[  restartedMain][0;39m [36mo.s.b.d.a.OptionalLiveReloadServer      [0;39m [2m:[0;39m LiveReload server is running on port 35729
[2m2020-11-16 02:12:58.307[0;39m [32m INFO[0;39m [35m17836[0;39m [2m---[0;39m [2m[  restartedMain][0;39m [36mo.s.b.w.embedded.tomcat.TomcatWebServer [0;39m [2m:[0;39m Tomcat started on port(s): 9999 (http) with context path '/vue'
[2m2020-11-16 02:12:58.358[0;39m [32m INFO[0;39m [35m17836[0;39m [2m---[0;39m [2m[  restartedMain][0;39m [36m.ConditionEvaluationDeltaLoggingListener[0;39m [2m:[0;39m Condition evaluation unchanged
[2m2020-11-16 02:13:20.033[0;39m [32m INFO[0;39m [35m17836[0;39m [2m---[0;39m [2m[nio-9999-exec-1][0;39m [36mo.s.web.servlet.DispatcherServlet       [0;39m [2m:[0;39m Initializing Servlet 'dispatcherServlet'
[2m2020-11-16 02:13:20.041[0;39m [32m INFO[0;39m [35m17836[0;39m [2m---[0;39m [2m[nio-9999-exec-1][0;39m [36mo.s.web.servlet.DispatcherServlet       [0;39m [2m:[0;39m Completed initialization in 7 ms
[2m2020-11-16 02:13:23.276[0;39m [32mDEBUG[0;39m [35m17836[0;39m [2m---[0;39m [2m[nio-9999-exec-2][0;39m [36mc.ssafy.vue.controller.BoardController  [0;39m [2m:[0;39m retrieveBoard - í˜¸ì¶œ
[2m2020-11-16 02:13:28.904[0;39m [32mDEBUG[0;39m [35m17836[0;39m [2m---[0;39m [2m[nio-9999-exec-7][0;39m [36mc.ssafy.vue.controller.BoardController  [0;39m [2m:[0;39m writeBoard - í˜¸ì¶œ
[2m2020-11-16 02:13:29.029[0;39m [31mERROR[0;39m [35m17836[0;39m [2m---[0;39m [2m[nio-9999-exec-7][0;39m [36mo.a.c.c.C.[.[.[.[dispatcherServlet]     [0;39m [2m:[0;39m Servlet.service() for servlet [dispatcherServlet] in context with path [/vue] threw exception [Request processing failed; nested exception is org.springframework.dao.DataIntegrityViolationException: 
### Error updating database.  Cause: java.sql.SQLIntegrityConstraintViolationException: Cannot add or update a child row: a foreign key constraint fails (`happyhouse`.`vue_board`, CONSTRAINT `vue_board_to_user_fk` FOREIGN KEY (`writer`) REFERENCES `vue_user` (`user_id`))
### The error may exist in file [C:\SSAFY\vueProject\vue_happyhouse_practice\target\classes\mappers\board.xml]
### The error may involve com.ssafy.vue.dao.BoardDAO.insertBoard-Inline
### The error occurred while setting parameters
### SQL: insert into vue_board(    title, writer, content   ) values (    ?, ?, ?   )
### Cause: java.sql.SQLIntegrityConstraintViolationException: Cannot add or update a child row: a foreign key constraint fails (`happyhouse`.`vue_board`, CONSTRAINT `vue_board_to_user_fk` FOREIGN KEY (`writer`) REFERENCES `vue_user` (`user_id`))
; Cannot add or update a child row: a foreign key constraint fails (`happyhouse`.`vue_board`, CONSTRAINT `vue_board_to_user_fk` FOREIGN KEY (`writer`) REFERENCES `vue_user` (`user_id`)); nested exception is java.sql.SQLIntegrityConstraintViolationException: Cannot add or update a child row: a foreign key constraint fails (`happyhouse`.`vue_board`, CONSTRAINT `vue_board_to_user_fk` FOREIGN KEY (`writer`) REFERENCES `vue_user` (`user_id`))] with root cause

java.sql.SQLIntegrityConstraintViolationException: Cannot add or update a child row: a foreign key constraint fails (`happyhouse`.`vue_board`, CONSTRAINT `vue_board_to_user_fk` FOREIGN KEY (`writer`) REFERENCES `vue_user` (`user_id`))
	at com.mysql.cj.jdbc.exceptions.SQLError.createSQLException(SQLError.java:117)
	at com.mysql.cj.jdbc.exceptions.SQLError.createSQLException(SQLError.java:97)
	at com.mysql.cj.jdbc.exceptions.SQLExceptionsMapping.translateException(SQLExceptionsMapping.java:122)
	at com.mysql.cj.jdbc.ClientPreparedStatement.executeInternal(ClientPreparedStatement.java:953)
	at com.mysql.cj.jdbc.ClientPreparedStatement.execute(ClientPreparedStatement.java:370)
	at com.zaxxer.hikari.pool.ProxyPreparedStatement.execute(ProxyPreparedStatement.java:44)
	at com.zaxxer.hikari.pool.HikariProxyPreparedStatement.execute(HikariProxyPreparedStatement.java)
	at org.apache.ibatis.executor.statement.PreparedStatementHandler.update(PreparedStatementHandler.java:47)
	at org.apache.ibatis.executor.statement.RoutingStatementHandler.update(RoutingStatementHandler.java:74)
	at org.apache.ibatis.executor.SimpleExecutor.doUpdate(SimpleExecutor.java:50)
	at org.apache.ibatis.executor.BaseExecutor.update(BaseExecutor.java:117)
	at org.apache.ibatis.executor.CachingExecutor.update(CachingExecutor.java:76)
	at org.apache.ibatis.session.defaults.DefaultSqlSession.update(DefaultSqlSession.java:197)
	at org.apache.ibatis.session.defaults.DefaultSqlSession.insert(DefaultSqlSession.java:184)
	at sun.reflect.NativeMethodAccessorImpl.invoke0(Native Method)
	at sun.reflect.NativeMethodAccessorImpl.invoke(NativeMethodAccessorImpl.java:62)
	at sun.reflect.DelegatingMethodAccessorImpl.invoke(DelegatingMethodAccessorImpl.java:43)
	at java.lang.reflect.Method.invoke(Method.java:498)
	at org.mybatis.spring.SqlSessionTemplate$SqlSessionInterceptor.invoke(SqlSessionTemplate.java:426)
	at com.sun.proxy.$Proxy69.insert(Unknown Source)
	at org.mybatis.spring.SqlSessionTemplate.insert(SqlSessionTemplate.java:271)
	at org.apache.ibatis.binding.MapperMethod.execute(MapperMethod.java:62)
	at org.apache.ibatis.binding.MapperProxy$PlainMethodInvoker.invoke(MapperProxy.java:152)
	at org.apache.ibatis.binding.MapperProxy.invoke(MapperProxy.java:85)
	at com.sun.proxy.$Proxy130.insertBoard(Unknown Source)
	at com.ssafy.vue.service.BoardServiceImpl.writeBoard(BoardServiceImpl.java:25)
	at com.ssafy.vue.service.BoardServiceImpl$$FastClassBySpringCGLIB$$1c39edf7.invoke(<generated>)
	at org.springframework.cglib.proxy.MethodProxy.invoke(MethodProxy.java:218)
	at org.springframework.aop.framework.CglibAopProxy$DynamicAdvisedInterceptor.intercept(CglibAopProxy.java:687)
	at com.ssafy.vue.service.BoardServiceImpl$$EnhancerBySpringCGLIB$$1d547fba.writeBoard(<generated>)
	at com.ssafy.vue.controller.BoardController.writeBoard(BoardController.java:56)
	at sun.reflect.NativeMethodAccessorImpl.invoke0(Native Method)
	at sun.reflect.NativeMethodAccessorImpl.invoke(NativeMethodAccessorImpl.java:62)
	at sun.reflect.DelegatingMethodAccessorImpl.invoke(DelegatingMethodAccessorImpl.java:43)
	at java.lang.reflect.Method.invoke(Method.java:498)
	at org.springframework.web.method.support.InvocableHandlerMethod.doInvoke(InvocableHandlerMethod.java:190)
	at org.springframework.web.method.support.InvocableHandlerMethod.invokeForRequest(InvocableHandlerMethod.java:138)
	at org.springframework.web.servlet.mvc.method.annotation.ServletInvocableHandlerMethod.invokeAndHandle(ServletInvocableHandlerMethod.java:105)
	at org.springframework.web.servlet.mvc.method.annotation.RequestMappingHandlerAdapter.invokeHandlerMethod(RequestMappingHandlerAdapter.java:878)
	at org.springframework.web.servlet.mvc.method.annotation.RequestMappingHandlerAdapter.handleInternal(RequestMappingHandlerAdapter.java:792)
	at org.springframework.web.servlet.mvc.method.AbstractHandlerMethodAdapter.handle(AbstractHandlerMethodAdapter.java:87)
	at org.springframework.web.servlet.DispatcherServlet.doDispatch(DispatcherServlet.java:1040)
	at org.springframework.web.servlet.DispatcherServlet.doService(DispatcherServlet.java:943)
	at org.springframework.web.servlet.FrameworkServlet.processRequest(FrameworkServlet.java:1006)
	at org.springframework.web.servlet.FrameworkServlet.doPost(FrameworkServlet.java:909)
	at javax.servlet.http.HttpServlet.service(HttpServlet.java:652)
	at org.springframework.web.servlet.FrameworkServlet.service(FrameworkServlet.java:883)
	at javax.servlet.http.HttpServlet.service(HttpServlet.java:733)
	at org.apache.catalina.core.ApplicationFilterChain.internalDoFilter(ApplicationFilterChain.java:231)
	at org.apache.catalina.core.ApplicationFilterChain.doFilter(ApplicationFilterChain.java:166)
	at org.apache.tomcat.websocket.server.WsFilter.doFilter(WsFilter.java:53)
	at org.apache.catalina.core.ApplicationFilterChain.internalDoFilter(ApplicationFilterChain.java:193)
	at org.apache.catalina.core.ApplicationFilterChain.doFilter(ApplicationFilterChain.java:166)
	at org.springframework.web.filter.RequestContextFilter.doFilterInternal(RequestContextFilter.java:100)
	at org.springframework.web.filter.OncePerRequestFilter.doFilter(OncePerRequestFilter.java:119)
	at org.apache.catalina.core.ApplicationFilterChain.internalDoFilter(ApplicationFilterChain.java:193)
	at org.apache.catalina.core.ApplicationFilterChain.doFilter(ApplicationFilterChain.java:166)
	at org.springframework.web.filter.FormContentFilter.doFilterInternal(FormContentFilter.java:93)
	at org.springframework.web.filter.OncePerRequestFilter.doFilter(OncePerRequestFilter.java:119)
	at org.apache.catalina.core.ApplicationFilterChain.internalDoFilter(ApplicationFilterChain.java:193)
	at org.apache.catalina.core.ApplicationFilterChain.doFilter(ApplicationFilterChain.java:166)
	at org.springframework.web.filter.CharacterEncodingFilter.doFilterInternal(CharacterEncodingFilter.java:201)
	at org.springframework.web.filter.OncePerRequestFilter.doFilter(OncePerRequestFilter.java:119)
	at org.apache.catalina.core.ApplicationFilterChain.internalDoFilter(ApplicationFilterChain.java:193)
	at org.apache.catalina.core.ApplicationFilterChain.doFilter(ApplicationFilterChain.java:166)
	at org.apache.catalina.core.StandardWrapperValve.invoke(StandardWrapperValve.java:202)
	at org.apache.catalina.core.StandardContextValve.invoke(StandardContextValve.java:97)
	at org.apache.catalina.authenticator.AuthenticatorBase.invoke(AuthenticatorBase.java:542)
	at org.apache.catalina.core.StandardHostValve.invoke(StandardHostValve.java:143)
	at org.apache.catalina.valves.ErrorReportValve.invoke(ErrorReportValve.java:92)
	at org.apache.catalina.core.StandardEngineValve.invoke(StandardEngineValve.java:78)
	at org.apache.catalina.connector.CoyoteAdapter.service(CoyoteAdapter.java:343)
	at org.apache.coyote.http11.Http11Processor.service(Http11Processor.java:374)
	at org.apache.coyote.AbstractProcessorLight.process(AbstractProcessorLight.java:65)
	at org.apache.coyote.AbstractProtocol$ConnectionHandler.process(AbstractProtocol.java:868)
	at org.apache.tomcat.util.net.NioEndpoint$SocketProcessor.doRun(NioEndpoint.java:1590)
	at org.apache.tomcat.util.net.SocketProcessorBase.run(SocketProcessorBase.java:49)
	at java.util.concurrent.ThreadPoolExecutor.runWorker(ThreadPoolExecutor.java:1149)
	at java.util.concurrent.ThreadPoolExecutor$Worker.run(ThreadPoolExecutor.java:624)
	at org.apache.tomcat.util.threads.TaskThread$WrappingRunnable.run(TaskThread.java:61)
	at java.lang.Thread.run(Thread.java:748)

[2m2020-11-16 02:13:31.112[0;39m [32mDEBUG[0;39m [35m17836[0;39m [2m---[0;39m [2m[nio-9999-exec-8][0;39m [36mc.ssafy.vue.controller.BoardController  [0;39m [2m:[0;39m retrieveBoard - í˜¸ì¶œ
[2m2020-11-16 02:13:45.407[0;39m [32mDEBUG[0;39m [35m17836[0;39m [2m---[0;39m [2m[nio-9999-exec-9][0;39m [36mc.ssafy.vue.controller.BoardController  [0;39m [2m:[0;39m writeBoard - í˜¸ì¶œ
[2m2020-11-16 02:13:50.299[0;39m [32mDEBUG[0;39m [35m17836[0;39m [2m---[0;39m [2m[nio-9999-exec-6][0;39m [36mc.ssafy.vue.controller.BoardController  [0;39m [2m:[0;39m retrieveBoard - í˜¸ì¶œ
[2m2020-11-16 02:15:45.920[0;39m [32mDEBUG[0;39m [35m17836[0;39m [2m---[0;39m [2m[nio-9999-exec-2][0;39m [36mc.ssafy.vue.controller.BoardController  [0;39m [2m:[0;39m writeBoard - í˜¸ì¶œ
[2m2020-11-16 02:15:48.526[0;39m [32mDEBUG[0;39m [35m17836[0;39m [2m---[0;39m [2m[nio-9999-exec-4][0;39m [36mc.ssafy.vue.controller.BoardController  [0;39m [2m:[0;39m retrieveBoard - í˜¸ì¶œ
[2m2020-11-16 02:15:54.523[0;39m [32mDEBUG[0;39m [35m17836[0;39m [2m---[0;39m [2m[nio-9999-exec-7][0;39m [36mc.ssafy.vue.controller.BoardController  [0;39m [2m:[0;39m detailBoard - í˜¸ì¶œ
[2m2020-11-16 02:15:55.884[0;39m [32mDEBUG[0;39m [35m17836[0;39m [2m---[0;39m [2m[nio-9999-exec-8][0;39m [36mc.ssafy.vue.controller.BoardController  [0;39m [2m:[0;39m retrieveBoard - í˜¸ì¶œ
[2m2020-11-16 02:17:17.657[0;39m [32mDEBUG[0;39m [35m17836[0;39m [2m---[0;39m [2m[nio-9999-exec-9][0;39m [36mc.ssafy.vue.controller.BoardController  [0;39m [2m:[0;39m retrieveBoard - í˜¸ì¶œ
[2m2020-11-16 02:17:25.065[0;39m [32mDEBUG[0;39m [35m17836[0;39m [2m---[0;39m [2m[nio-9999-exec-6][0;39m [36mc.ssafy.vue.controller.BoardController  [0;39m [2m:[0;39m retrieveBoard - í˜¸ì¶œ
[2m2020-11-16 02:17:43.112[0;39m [32mDEBUG[0;39m [35m17836[0;39m [2m---[0;39m [2m[io-9999-exec-10][0;39m [36mc.ssafy.vue.controller.BoardController  [0;39m [2m:[0;39m retrieveBoard - í˜¸ì¶œ
[2m2020-11-16 02:17:57.612[0;39m [32mDEBUG[0;39m [35m17836[0;39m [2m---[0;39m [2m[nio-9999-exec-1][0;39m [36mc.ssafy.vue.controller.BoardController  [0;39m [2m:[0;39m retrieveBoard - í˜¸ì¶œ
[2m2020-11-16 02:18:11.145[0;39m [32mDEBUG[0;39m [35m17836[0;39m [2m---[0;39m [2m[nio-9999-exec-2][0;39m [36mc.ssafy.vue.controller.BoardController  [0;39m [2m:[0;39m retrieveBoard - í˜¸ì¶œ
[2m2020-11-16 02:18:32.835[0;39m [33m WARN[0;39m [35m17836[0;39m [2m---[0;39m [2m[nio-9999-exec-3][0;39m [36m.w.s.m.s.DefaultHandlerExceptionResolver[0;39m [2m:[0;39m Resolved [org.springframework.web.HttpRequestMethodNotSupportedException: Request method 'POST' not supported]
[2m2020-11-16 02:19:21.834[0;39m [32mDEBUG[0;39m [35m17836[0;39m [2m---[0;39m [2m[nio-9999-exec-4][0;39m [36mc.ssafy.vue.controller.BoardController  [0;39m [2m:[0;39m retrieveBoard - í˜¸ì¶œ
[2m2020-11-16 02:19:25.973[0;39m [32mDEBUG[0;39m [35m17836[0;39m [2m---[0;39m [2m[nio-9999-exec-7][0;39m [36mc.ssafy.vue.controller.BoardController  [0;39m [2m:[0;39m retrieveBoard - í˜¸ì¶œ
[2m2020-11-16 02:19:33.470[0;39m [32mDEBUG[0;39m [35m17836[0;39m [2m---[0;39m [2m[nio-9999-exec-8][0;39m [36mc.ssafy.vue.controller.BoardController  [0;39m [2m:[0;39m retrieveBoard - í˜¸ì¶œ
[2m2020-11-16 02:19:39.295[0;39m [33m WARN[0;39m [35m17836[0;39m [2m---[0;39m [2m[nio-9999-exec-5][0;39m [36m.w.s.m.s.DefaultHandlerExceptionResolver[0;39m [2m:[0;39m Resolved [org.springframework.web.HttpRequestMethodNotSupportedException: Request method 'POST' not supported]
[2m2020-11-16 02:19:54.233[0;39m [32mDEBUG[0;39m [35m17836[0;39m [2m---[0;39m [2m[nio-9999-exec-9][0;39m [36mc.ssafy.vue.controller.BoardController  [0;39m [2m:[0;39m retrieveBoard - í˜¸ì¶œ
[2m2020-11-16 02:20:03.186[0;39m [32mDEBUG[0;39m [35m17836[0;39m [2m---[0;39m [2m[io-9999-exec-10][0;39m [36mc.ssafy.vue.controller.BoardController  [0;39m [2m:[0;39m deleteBoard - í˜¸ì¶œ
[2m2020-11-16 02:20:04.857[0;39m [32mDEBUG[0;39m [35m17836[0;39m [2m---[0;39m [2m[nio-9999-exec-1][0;39m [36mc.ssafy.vue.controller.BoardController  [0;39m [2m:[0;39m retrieveBoard - í˜¸ì¶œ
[2m2020-11-16 02:39:09.486[0;39m [32mDEBUG[0;39m [35m17836[0;39m [2m---[0;39m [2m[nio-9999-exec-3][0;39m [36mc.ssafy.vue.controller.BoardController  [0;39m [2m:[0;39m retrieveBoard - í˜¸ì¶œ
[2m2020-11-16 02:39:12.590[0;39m [32mDEBUG[0;39m [35m17836[0;39m [2m---[0;39m [2m[nio-9999-exec-4][0;39m [36mc.ssafy.vue.controller.BoardController  [0;39m [2m:[0;39m detailBoard - í˜¸ì¶œ
[2m2020-11-16 02:39:16.154[0;39m [33m WARN[0;39m [35m17836[0;39m [2m---[0;39m [2m[nio-9999-exec-7][0;39m [36m.w.s.m.s.DefaultHandlerExceptionResolver[0;39m [2m:[0;39m Resolved [org.springframework.web.HttpRequestMethodNotSupportedException: Request method 'GET' not supported]
[2m2020-11-16 02:39:26.499[0;39m [32mDEBUG[0;39m [35m17836[0;39m [2m---[0;39m [2m[nio-9999-exec-8][0;39m [36mc.ssafy.vue.controller.BoardController  [0;39m [2m:[0;39m detailBoard - í˜¸ì¶œ
[2m2020-11-16 02:39:56.354[0;39m [33m WARN[0;39m [35m17836[0;39m [2m---[0;39m [2m[nio-9999-exec-5][0;39m [36m.w.s.m.s.DefaultHandlerExceptionResolver[0;39m [2m:[0;39m Resolved [org.springframework.web.HttpRequestMethodNotSupportedException: Request method 'GET' not supported]
[2m2020-11-16 02:41:05.266[0;39m [33m WARN[0;39m [35m17836[0;39m [2m---[0;39m [2m[nio-9999-exec-6][0;39m [36m.w.s.m.s.DefaultHandlerExceptionResolver[0;39m [2m:[0;39m Resolved [org.springframework.web.HttpRequestMethodNotSupportedException: Request method 'GET' not supported]
[2m2020-11-16 02:43:29.627[0;39m [32mDEBUG[0;39m [35m17836[0;39m [2m---[0;39m [2m[nio-9999-exec-1][0;39m [36mc.ssafy.vue.controller.BoardController  [0;39m [2m:[0;39m detailBoard - í˜¸ì¶œ
[2m2020-11-16 02:43:34.588[0;39m [33m WARN[0;39m [35m17836[0;39m [2m---[0;39m [2m[nio-9999-exec-2][0;39m [36m.w.s.m.s.DefaultHandlerExceptionResolver[0;39m [2m:[0;39m Resolved [org.springframework.web.HttpRequestMethodNotSupportedException: Request method 'GET' not supported]
[2m2020-11-16 02:43:41.272[0;39m [32mDEBUG[0;39m [35m17836[0;39m [2m---[0;39m [2m[nio-9999-exec-3][0;39m [36mc.ssafy.vue.controller.BoardController  [0;39m [2m:[0;39m retrieveBoard - í˜¸ì¶œ
[2m2020-11-16 02:43:46.600[0;39m [32mDEBUG[0;39m [35m17836[0;39m [2m---[0;39m [2m[nio-9999-exec-4][0;39m [36mc.ssafy.vue.controller.BoardController  [0;39m [2m:[0;39m detailBoard - í˜¸ì¶œ
[2m2020-11-16 02:43:47.227[0;39m [32mDEBUG[0;39m [35m17836[0;39m [2m---[0;39m [2m[nio-9999-exec-7][0;39m [36mc.ssafy.vue.controller.BoardController  [0;39m [2m:[0;39m retrieveBoard - í˜¸ì¶œ
[2m2020-11-16 02:43:49.351[0;39m [32mDEBUG[0;39m [35m17836[0;39m [2m---[0;39m [2m[nio-9999-exec-8][0;39m [36mc.ssafy.vue.controller.BoardController  [0;39m [2m:[0;39m detailBoard - í˜¸ì¶œ
[2m2020-11-16 02:43:55.329[0;39m [32mDEBUG[0;39m [35m17836[0;39m [2m---[0;39m [2m[nio-9999-exec-5][0;39m [36mc.ssafy.vue.controller.BoardController  [0;39m [2m:[0;39m retrieveBoard - í˜¸ì¶œ
[2m2020-11-16 02:43:58.520[0;39m [32mDEBUG[0;39m [35m17836[0;39m [2m---[0;39m [2m[nio-9999-exec-9][0;39m [36mc.ssafy.vue.controller.BoardController  [0;39m [2m:[0;39m detailBoard - í˜¸ì¶œ
[2m2020-11-16 02:44:08.836[0;39m [32mDEBUG[0;39m [35m17836[0;39m [2m---[0;39m [2m[nio-9999-exec-6][0;39m [36mc.ssafy.vue.controller.BoardController  [0;39m [2m:[0;39m retrieveBoard - í˜¸ì¶œ
[2m2020-11-16 02:44:11.198[0;39m [32mDEBUG[0;39m [35m17836[0;39m [2m---[0;39m [2m[io-9999-exec-10][0;39m [36mc.ssafy.vue.controller.BoardController  [0;39m [2m:[0;39m detailBoard - í˜¸ì¶œ
[2m2020-11-16 02:44:14.582[0;39m [33m WARN[0;39m [35m17836[0;39m [2m---[0;39m [2m[nio-9999-exec-1][0;39m [36m.w.s.m.s.DefaultHandlerExceptionResolver[0;39m [2m:[0;39m Resolved [org.springframework.web.HttpRequestMethodNotSupportedException: Request method 'GET' not supported]
[2m2020-11-16 02:47:24.286[0;39m [32mDEBUG[0;39m [35m17836[0;39m [2m---[0;39m [2m[nio-9999-exec-3][0;39m [36mc.ssafy.vue.controller.BoardController  [0;39m [2m:[0;39m detailBoard - í˜¸ì¶œ
[2m2020-11-16 02:47:27.616[0;39m [33m WARN[0;39m [35m17836[0;39m [2m---[0;39m [2m[nio-9999-exec-4][0;39m [36m.w.s.m.s.DefaultHandlerExceptionResolver[0;39m [2m:[0;39m Resolved [org.springframework.web.HttpRequestMethodNotSupportedException: Request method 'GET' not supported]
[2m2020-11-16 02:47:45.556[0;39m [32mDEBUG[0;39m [35m17836[0;39m [2m---[0;39m [2m[nio-9999-exec-7][0;39m [36mc.ssafy.vue.controller.BoardController  [0;39m [2m:[0;39m detailBoard - í˜¸ì¶œ
[2m2020-11-16 02:47:48.752[0;39m [33m WARN[0;39m [35m17836[0;39m [2m---[0;39m [2m[nio-9999-exec-8][0;39m [36m.w.s.m.s.DefaultHandlerExceptionResolver[0;39m [2m:[0;39m Resolved [org.springframework.web.HttpRequestMethodNotSupportedException: Request method 'GET' not supported]
[2m2020-11-16 02:47:54.652[0;39m [32mDEBUG[0;39m [35m17836[0;39m [2m---[0;39m [2m[nio-9999-exec-5][0;39m [36mc.ssafy.vue.controller.BoardController  [0;39m [2m:[0;39m detailBoard - í˜¸ì¶œ
[2m2020-11-16 02:47:58.002[0;39m [33m WARN[0;39m [35m17836[0;39m [2m---[0;39m [2m[nio-9999-exec-9][0;39m [36m.w.s.m.s.DefaultHandlerExceptionResolver[0;39m [2m:[0;39m Resolved [org.springframework.web.HttpRequestMethodNotSupportedException: Request method 'GET' not supported]
[2m2020-11-16 02:49:30.635[0;39m [32mDEBUG[0;39m [35m17836[0;39m [2m---[0;39m [2m[io-9999-exec-10][0;39m [36mc.ssafy.vue.controller.BoardController  [0;39m [2m:[0;39m detailBoard - í˜¸ì¶œ
[2m2020-11-16 02:49:37.558[0;39m [32mDEBUG[0;39m [35m17836[0;39m [2m---[0;39m [2m[nio-9999-exec-1][0;39m [36mc.ssafy.vue.controller.BoardController  [0;39m [2m:[0;39m detailBoard - í˜¸ì¶œ
[2m2020-11-16 02:51:00.739[0;39m [32mDEBUG[0;39m [35m17836[0;39m [2m---[0;39m [2m[nio-9999-exec-3][0;39m [36mc.ssafy.vue.controller.BoardController  [0;39m [2m:[0;39m detailBoard - í˜¸ì¶œ
[2m2020-11-16 02:56:06.953[0;39m [32mDEBUG[0;39m [35m17836[0;39m [2m---[0;39m [2m[nio-9999-exec-7][0;39m [36mc.ssafy.vue.controller.BoardController  [0;39m [2m:[0;39m detailBoard - í˜¸ì¶œ
[2m2020-11-16 02:56:31.182[0;39m [32mDEBUG[0;39m [35m17836[0;39m [2m---[0;39m [2m[nio-9999-exec-8][0;39m [36mc.ssafy.vue.controller.BoardController  [0;39m [2m:[0;39m detailBoard - í˜¸ì¶œ
[2m2020-11-16 02:56:56.116[0;39m [32mDEBUG[0;39m [35m17836[0;39m [2m---[0;39m [2m[nio-9999-exec-5][0;39m [36mc.ssafy.vue.controller.BoardController  [0;39m [2m:[0;39m detailBoard - í˜¸ì¶œ
[2m2020-11-16 02:57:27.317[0;39m [32mDEBUG[0;39m [35m17836[0;39m [2m---[0;39m [2m[nio-9999-exec-9][0;39m [36mc.ssafy.vue.controller.BoardController  [0;39m [2m:[0;39m detailBoard - í˜¸ì¶œ
[2m2020-11-16 02:57:34.804[0;39m [32mDEBUG[0;39m [35m17836[0;39m [2m---[0;39m [2m[nio-9999-exec-6][0;39m [36mc.ssafy.vue.controller.BoardController  [0;39m [2m:[0;39m detailBoard - í˜¸ì¶œ
[2m2020-11-16 03:01:35.284[0;39m [32mDEBUG[0;39m [35m17836[0;39m [2m---[0;39m [2m[nio-9999-exec-2][0;39m [36mc.ssafy.vue.controller.BoardController  [0;39m [2m:[0;39m detailBoard - í˜¸ì¶œ
[2m2020-11-16 03:02:47.441[0;39m [32mDEBUG[0;39m [35m17836[0;39m [2m---[0;39m [2m[nio-9999-exec-4][0;39m [36mc.ssafy.vue.controller.BoardController  [0;39m [2m:[0;39m detailBoard - í˜¸ì¶œ
[2m2020-11-16 03:02:49.877[0;39m [32mDEBUG[0;39m [35m17836[0;39m [2m---[0;39m [2m[nio-9999-exec-7][0;39m [36mc.ssafy.vue.controller.BoardController  [0;39m [2m:[0;39m detailBoard - í˜¸ì¶œ
[2m2020-11-16 03:02:56.736[0;39m [32mDEBUG[0;39m [35m17836[0;39m [2m---[0;39m [2m[nio-9999-exec-8][0;39m [36mc.ssafy.vue.controller.BoardController  [0;39m [2m:[0;39m detailBoard - í˜¸ì¶œ
[2m2020-11-16 03:02:58.961[0;39m [32mDEBUG[0;39m [35m17836[0;39m [2m---[0;39m [2m[nio-9999-exec-5][0;39m [36mc.ssafy.vue.controller.BoardController  [0;39m [2m:[0;39m detailBoard - í˜¸ì¶œ
[2m2020-11-16 03:06:47.770[0;39m [32mDEBUG[0;39m [35m17836[0;39m [2m---[0;39m [2m[nio-9999-exec-6][0;39m [36mc.ssafy.vue.controller.BoardController  [0;39m [2m:[0;39m detailBoard - í˜¸ì¶œ
[2m2020-11-16 03:07:10.256[0;39m [32mDEBUG[0;39m [35m17836[0;39m [2m---[0;39m [2m[io-9999-exec-10][0;39m [36mc.ssafy.vue.controller.BoardController  [0;39m [2m:[0;39m detailBoard - í˜¸ì¶œ
[2m2020-11-16 03:07:28.861[0;39m [32mDEBUG[0;39m [35m17836[0;39m [2m---[0;39m [2m[nio-9999-exec-1][0;39m [36mc.ssafy.vue.controller.BoardController  [0;39m [2m:[0;39m detailBoard - í˜¸ì¶œ
[2m2020-11-16 03:08:00.951[0;39m [32mDEBUG[0;39m [35m17836[0;39m [2m---[0;39m [2m[nio-9999-exec-2][0;39m [36mc.ssafy.vue.controller.BoardController  [0;39m [2m:[0;39m detailBoard - í˜¸ì¶œ
[2m2020-11-16 03:09:07.435[0;39m [32mDEBUG[0;39m [35m17836[0;39m [2m---[0;39m [2m[nio-9999-exec-4][0;39m [36mc.ssafy.vue.controller.BoardController  [0;39m [2m:[0;39m detailBoard - í˜¸ì¶œ
[2m2020-11-16 03:09:20.259[0;39m [32mDEBUG[0;39m [35m17836[0;39m [2m---[0;39m [2m[nio-9999-exec-7][0;39m [36mc.ssafy.vue.controller.BoardController  [0;39m [2m:[0;39m detailBoard - í˜¸ì¶œ
[2m2020-11-16 03:09:41.319[0;39m [32mDEBUG[0;39m [35m17836[0;39m [2m---[0;39m [2m[nio-9999-exec-8][0;39m [36mc.ssafy.vue.controller.BoardController  [0;39m [2m:[0;39m detailBoard - í˜¸ì¶œ
[2m2020-11-16 03:11:09.265[0;39m [32mDEBUG[0;39m [35m17836[0;39m [2m---[0;39m [2m[nio-9999-exec-9][0;39m [36mc.ssafy.vue.controller.BoardController  [0;39m [2m:[0;39m detailBoard - í˜¸ì¶œ
[2m2020-11-16 03:12:38.386[0;39m [32mDEBUG[0;39m [35m17836[0;39m [2m---[0;39m [2m[io-9999-exec-10][0;39m [36mc.ssafy.vue.controller.BoardController  [0;39m [2m:[0;39m detailBoard - í˜¸ì¶œ
[2m2020-11-16 03:13:08.706[0;39m [32mDEBUG[0;39m [35m17836[0;39m [2m---[0;39m [2m[nio-9999-exec-1][0;39m [36mc.ssafy.vue.controller.BoardController  [0;39m [2m:[0;39m detailBoard - í˜¸ì¶œ
[2m2020-11-16 03:13:08.753[0;39m [32mDEBUG[0;39m [35m17836[0;39m [2m---[0;39m [2m[nio-9999-exec-2][0;39m [36mc.ssafy.vue.controller.BoardController  [0;39m [2m:[0;39m detailBoard - í˜¸ì¶œ
[2m2020-11-16 03:13:28.998[0;39m [32mDEBUG[0;39m [35m17836[0;39m [2m---[0;39m [2m[nio-9999-exec-3][0;39m [36mc.ssafy.vue.controller.BoardController  [0;39m [2m:[0;39m detailBoard - í˜¸ì¶œ
[2m2020-11-16 03:13:45.676[0;39m [32mDEBUG[0;39m [35m17836[0;39m [2m---[0;39m [2m[nio-9999-exec-4][0;39m [36mc.ssafy.vue.controller.BoardController  [0;39m [2m:[0;39m detailBoard - í˜¸ì¶œ
[2m2020-11-16 03:13:48.522[0;39m [32mDEBUG[0;39m [35m17836[0;39m [2m---[0;39m [2m[nio-9999-exec-7][0;39m [36mc.ssafy.vue.controller.BoardController  [0;39m [2m:[0;39m detailBoard - í˜¸ì¶œ
[2m2020-11-16 03:13:56.641[0;39m [32mDEBUG[0;39m [35m17836[0;39m [2m---[0;39m [2m[nio-9999-exec-8][0;39m [36mc.ssafy.vue.controller.BoardController  [0;39m [2m:[0;39m detailBoard - í˜¸ì¶œ
[2m2020-11-16 03:13:58.570[0;39m [32mDEBUG[0;39m [35m17836[0;39m [2m---[0;39m [2m[nio-9999-exec-5][0;39m [36mc.ssafy.vue.controller.BoardController  [0;39m [2m:[0;39m detailBoard - í˜¸ì¶œ
[2m2020-11-16 03:14:48.494[0;39m [32mDEBUG[0;39m [35m17836[0;39m [2m---[0;39m [2m[nio-9999-exec-9][0;39m [36mc.ssafy.vue.controller.BoardController  [0;39m [2m:[0;39m detailBoard - í˜¸ì¶œ
[2m2020-11-16 03:14:48.698[0;39m [32mDEBUG[0;39m [35m17836[0;39m [2m---[0;39m [2m[nio-9999-exec-6][0;39m [36mc.ssafy.vue.controller.BoardController  [0;39m [2m:[0;39m detailBoard - í˜¸ì¶œ
[2m2020-11-16 03:14:50.985[0;39m [32mDEBUG[0;39m [35m17836[0;39m [2m---[0;39m [2m[io-9999-exec-10][0;39m [36mc.ssafy.vue.controller.BoardController  [0;39m [2m:[0;39m detailBoard - í˜¸ì¶œ
[2m2020-11-16 03:15:09.654[0;39m [32mDEBUG[0;39m [35m17836[0;39m [2m---[0;39m [2m[nio-9999-exec-1][0;39m [36mc.ssafy.vue.controller.BoardController  [0;39m [2m:[0;39m detailBoard - í˜¸ì¶œ
[2m2020-11-16 03:15:25.957[0;39m [32mDEBUG[0;39m [35m17836[0;39m [2m---[0;39m [2m[nio-9999-exec-2][0;39m [36mc.ssafy.vue.controller.BoardController  [0;39m [2m:[0;39m detailBoard - í˜¸ì¶œ
[2m2020-11-16 03:15:39.788[0;39m [32mDEBUG[0;39m [35m17836[0;39m [2m---[0;39m [2m[nio-9999-exec-3][0;39m [36mc.ssafy.vue.controller.BoardController  [0;39m [2m:[0;39m detailBoard - í˜¸ì¶œ
[2m2020-11-16 03:15:42.007[0;39m [32mDEBUG[0;39m [35m17836[0;39m [2m---[0;39m [2m[nio-9999-exec-4][0;39m [36mc.ssafy.vue.controller.BoardController  [0;39m [2m:[0;39m detailBoard - í˜¸ì¶œ
[2m2020-11-16 03:15:48.068[0;39m [32mDEBUG[0;39m [35m17836[0;39m [2m---[0;39m [2m[nio-9999-exec-7][0;39m [36mc.ssafy.vue.controller.BoardController  [0;39m [2m:[0;39m detailBoard - í˜¸ì¶œ
[2m2020-11-16 03:16:08.257[0;39m [32mDEBUG[0;39m [35m17836[0;39m [2m---[0;39m [2m[nio-9999-exec-8][0;39m [36mc.ssafy.vue.controller.BoardController  [0;39m [2m:[0;39m detailBoard - í˜¸ì¶œ
[2m2020-11-16 03:17:44.226[0;39m [32mDEBUG[0;39m [35m17836[0;39m [2m---[0;39m [2m[nio-9999-exec-9][0;39m [36mc.ssafy.vue.controller.BoardController  [0;39m [2m:[0;39m detailBoard - í˜¸ì¶œ
[2m2020-11-16 03:17:46.861[0;39m [32mDEBUG[0;39m [35m17836[0;39m [2m---[0;39m [2m[nio-9999-exec-6][0;39m [36mc.ssafy.vue.controller.BoardController  [0;39m [2m:[0;39m detailBoard - í˜¸ì¶œ
[2m2020-11-16 03:17:49.461[0;39m [32mDEBUG[0;39m [35m17836[0;39m [2m---[0;39m [2m[io-9999-exec-10][0;39m [36mc.ssafy.vue.controller.BoardController  [0;39m [2m:[0;39m detailBoard - í˜¸ì¶œ
[2m2020-11-16 03:17:57.556[0;39m [32mDEBUG[0;39m [35m17836[0;39m [2m---[0;39m [2m[nio-9999-exec-1][0;39m [36mc.ssafy.vue.controller.BoardController  [0;39m [2m:[0;39m detailBoard - í˜¸ì¶œ
[2m2020-11-16 03:17:59.601[0;39m [32mDEBUG[0;39m [35m17836[0;39m [2m---[0;39m [2m[nio-9999-exec-2][0;39m [36mc.ssafy.vue.controller.BoardController  [0;39m [2m:[0;39m detailBoard - í˜¸ì¶œ
[2m2020-11-16 03:18:14.302[0;39m [32mDEBUG[0;39m [35m17836[0;39m [2m---[0;39m [2m[nio-9999-exec-3][0;39m [36mc.ssafy.vue.controller.BoardController  [0;39m [2m:[0;39m detailBoard - í˜¸ì¶œ
[2m2020-11-16 03:18:31.845[0;39m [32mDEBUG[0;39m [35m17836[0;39m [2m---[0;39m [2m[nio-9999-exec-4][0;39m [36mc.ssafy.vue.controller.BoardController  [0;39m [2m:[0;39m detailBoard - í˜¸ì¶œ
[2m2020-11-16 03:18:40.029[0;39m [32mDEBUG[0;39m [35m17836[0;39m [2m---[0;39m [2m[nio-9999-exec-7][0;39m [36mc.ssafy.vue.controller.BoardController  [0;39m [2m:[0;39m detailBoard - í˜¸ì¶œ
[2m2020-11-16 03:18:53.443[0;39m [32mDEBUG[0;39m [35m17836[0;39m [2m---[0;39m [2m[nio-9999-exec-8][0;39m [36mc.ssafy.vue.controller.BoardController  [0;39m [2m:[0;39m detailBoard - í˜¸ì¶œ
[2m2020-11-16 03:19:24.671[0;39m [32mDEBUG[0;39m [35m17836[0;39m [2m---[0;39m [2m[nio-9999-exec-9][0;39m [36mc.ssafy.vue.controller.BoardController  [0;39m [2m:[0;39m detailBoard - í˜¸ì¶œ
[2m2020-11-16 03:19:43.596[0;39m [32mDEBUG[0;39m [35m17836[0;39m [2m---[0;39m [2m[io-9999-exec-10][0;39m [36mc.ssafy.vue.controller.BoardController  [0;39m [2m:[0;39m updateBoard - í˜¸ì¶œ
[2m2020-11-16 03:19:43.597[0;39m [32mDEBUG[0;39m [35m17836[0;39m [2m---[0;39m [2m[io-9999-exec-10][0;39m [36mc.ssafy.vue.controller.BoardController  [0;39m [2m:[0;39m Board [no=0, title=ì•ˆë…•ê¸°í˜„ì•„, content=ì‚¬ëž‘í•œë‹¤, writer=null, regtime=null]
[2m2020-11-16 03:20:38.644[0;39m [32mDEBUG[0;39m [35m17836[0;39m [2m---[0;39m [2m[nio-9999-exec-1][0;39m [36mc.ssafy.vue.controller.BoardController  [0;39m [2m:[0;39m detailBoard - í˜¸ì¶œ
[2m2020-11-16 03:20:54.848[0;39m [32mDEBUG[0;39m [35m17836[0;39m [2m---[0;39m [2m[nio-9999-exec-2][0;39m [36mc.ssafy.vue.controller.BoardController  [0;39m [2m:[0;39m detailBoard - í˜¸ì¶œ
[2m2020-11-16 03:21:14.605[0;39m [32mDEBUG[0;39m [35m17836[0;39m [2m---[0;39m [2m[nio-9999-exec-3][0;39m [36mc.ssafy.vue.controller.BoardController  [0;39m [2m:[0;39m detailBoard - í˜¸ì¶œ
[2m2020-11-16 03:21:28.700[0;39m [32mDEBUG[0;39m [35m17836[0;39m [2m---[0;39m [2m[nio-9999-exec-4][0;39m [36mc.ssafy.vue.controller.BoardController  [0;39m [2m:[0;39m updateBoard - í˜¸ì¶œ
[2m2020-11-16 03:21:28.700[0;39m [32mDEBUG[0;39m [35m17836[0;39m [2m---[0;39m [2m[nio-9999-exec-4][0;39m [36mc.ssafy.vue.controller.BoardController  [0;39m [2m:[0;39m Board [no=7, title=hello2, content=ì•ˆë…•!2, writer=ssafy, regtime=Mon Nov 16 02:15:45 KST 2020]
[2m2020-11-16 03:21:32.487[0;39m [32mDEBUG[0;39m [35m17836[0;39m [2m---[0;39m [2m[nio-9999-exec-7][0;39m [36mc.ssafy.vue.controller.BoardController  [0;39m [2m:[0;39m retrieveBoard - í˜¸ì¶œ
[2m2020-11-16 03:21:41.258[0;39m [32mDEBUG[0;39m [35m17836[0;39m [2m---[0;39m [2m[nio-9999-exec-8][0;39m [36mc.ssafy.vue.controller.BoardController  [0;39m [2m:[0;39m detailBoard - í˜¸ì¶œ
[2m2020-11-16 03:21:44.954[0;39m [32mDEBUG[0;39m [35m17836[0;39m [2m---[0;39m [2m[nio-9999-exec-5][0;39m [36mc.ssafy.vue.controller.BoardController  [0;39m [2m:[0;39m detailBoard - í˜¸ì¶œ
[2m2020-11-16 03:25:32.281[0;39m [32mDEBUG[0;39m [35m17836[0;39m [2m---[0;39m [2m[nio-9999-exec-6][0;39m [36mc.ssafy.vue.controller.BoardController  [0;39m [2m:[0;39m detailBoard - í˜¸ì¶œ
[2m2020-11-16 03:25:33.403[0;39m [32mDEBUG[0;39m [35m17836[0;39m [2m---[0;39m [2m[io-9999-exec-10][0;39m [36mc.ssafy.vue.controller.BoardController  [0;39m [2m:[0;39m retrieveBoard - í˜¸ì¶œ
[2m2020-11-16 03:26:47.097[0;39m [32mDEBUG[0;39m [35m17836[0;39m [2m---[0;39m [2m[nio-9999-exec-2][0;39m [36mc.ssafy.vue.controller.BoardController  [0;39m [2m:[0;39m retrieveBoard - í˜¸ì¶œ
[2m2020-11-16 03:51:04.617[0;39m [32m INFO[0;39m [35m17836[0;39m [2m---[0;39m [2m[on(2)-127.0.0.1][0;39m [36minMXBeanRegistrar$SpringApplicationAdmin[0;39m [2m:[0;39m Application shutdown requested.
[2m2020-11-16 03:51:05.880[0;39m [32m INFO[0;39m [35m17836[0;39m [2m---[0;39m [2m[on(2)-127.0.0.1][0;39m [36mo.s.s.concurrent.ThreadPoolTaskExecutor [0;39m [2m:[0;39m Shutting down ExecutorService 'applicationTaskExecutor'
[2m2020-11-16 14:34:45.509[0;39m [32m INFO[0;39m [35m4648[0;39m [2m---[0;39m [2m[  restartedMain][0;39m [36m.e.DevToolsPropertyDefaultsPostProcessor[0;39m [2m:[0;39m Devtools property defaults active! Set 'spring.devtools.add-properties' to 'false' to disable
[2m2020-11-16 14:34:45.512[0;39m [32m INFO[0;39m [35m4648[0;39m [2m---[0;39m [2m[  restartedMain][0;39m [36m.e.DevToolsPropertyDefaultsPostProcessor[0;39m [2m:[0;39m For additional web related logging consider setting the 'logging.level.web' property to 'DEBUG'
[2m2020-11-16 14:34:47.162[0;39m [32m INFO[0;39m [35m4648[0;39m [2m---[0;39m [2m[  restartedMain][0;39m [36mo.s.b.w.embedded.tomcat.TomcatWebServer [0;39m [2m:[0;39m Tomcat initialized with port(s): 9999 (http)
[2m2020-11-16 14:34:47.273[0;39m [32m INFO[0;39m [35m4648[0;39m [2m---[0;39m [2m[  restartedMain][0;39m [36mw.s.c.ServletWebServerApplicationContext[0;39m [2m:[0;39m Root WebApplicationContext: initialization completed in 1761 ms
[2m2020-11-16 14:34:47.977[0;39m [32m INFO[0;39m [35m4648[0;39m [2m---[0;39m [2m[  restartedMain][0;39m [36mo.s.s.concurrent.ThreadPoolTaskExecutor [0;39m [2m:[0;39m Initializing ExecutorService 'applicationTaskExecutor'
[2m2020-11-16 14:34:48.023[0;39m [32m INFO[0;39m [35m4648[0;39m [2m---[0;39m [2m[  restartedMain][0;39m [36mo.s.b.d.a.OptionalLiveReloadServer      [0;39m [2m:[0;39m LiveReload server is running on port 35729
[2m2020-11-16 14:34:48.256[0;39m [32m INFO[0;39m [35m4648[0;39m [2m---[0;39m [2m[  restartedMain][0;39m [36mo.s.b.w.embedded.tomcat.TomcatWebServer [0;39m [2m:[0;39m Tomcat started on port(s): 9999 (http) with context path '/vue'
[2m2020-11-16 14:35:28.193[0;39m [32m INFO[0;39m [35m4648[0;39m [2m---[0;39m [2m[nio-9999-exec-1][0;39m [36mo.s.web.servlet.DispatcherServlet       [0;39m [2m:[0;39m Initializing Servlet 'dispatcherServlet'
[2m2020-11-16 14:35:28.199[0;39m [32m INFO[0;39m [35m4648[0;39m [2m---[0;39m [2m[nio-9999-exec-1][0;39m [36mo.s.web.servlet.DispatcherServlet       [0;39m [2m:[0;39m Completed initialization in 6 ms
[2m2020-11-16 14:35:28.238[0;39m [32mDEBUG[0;39m [35m4648[0;39m [2m---[0;39m [2m[nio-9999-exec-1][0;39m [36mc.ssafy.vue.controller.BoardController  [0;39m [2m:[0;39m retrieveBoard - í˜¸ì¶œ
[2m2020-11-16 14:36:37.183[0;39m [32mDEBUG[0;39m [35m4648[0;39m [2m---[0;39m [2m[nio-9999-exec-6][0;39m [36mc.ssafy.vue.controller.BoardController  [0;39m [2m:[0;39m writeBoard - í˜¸ì¶œ
[2m2020-11-16 14:36:42.949[0;39m [32mDEBUG[0;39m [35m4648[0;39m [2m---[0;39m [2m[nio-9999-exec-7][0;39m [36mc.ssafy.vue.controller.BoardController  [0;39m [2m:[0;39m retrieveBoard - í˜¸ì¶œ
[2m2020-11-16 14:36:51.209[0;39m [32mDEBUG[0;39m [35m4648[0;39m [2m---[0;39m [2m[nio-9999-exec-9][0;39m [36mc.ssafy.vue.controller.BoardController  [0;39m [2m:[0;39m detailBoard - í˜¸ì¶œ
[2m2020-11-16 14:36:54.324[0;39m [32mDEBUG[0;39m [35m4648[0;39m [2m---[0;39m [2m[io-9999-exec-10][0;39m [36mc.ssafy.vue.controller.BoardController  [0;39m [2m:[0;39m detailBoard - í˜¸ì¶œ
[2m2020-11-16 14:37:01.824[0;39m [32mDEBUG[0;39m [35m4648[0;39m [2m---[0;39m [2m[nio-9999-exec-3][0;39m [36mc.ssafy.vue.controller.BoardController  [0;39m [2m:[0;39m updateBoard - í˜¸ì¶œ
[2m2020-11-16 14:37:01.825[0;39m [32mDEBUG[0;39m [35m4648[0;39m [2m---[0;39m [2m[nio-9999-exec-3][0;39m [36mc.ssafy.vue.controller.BoardController  [0;39m [2m:[0;39m Board [no=8, title=í˜„ì •ì´ë˜¥ë©ì²­ì´, content=ë°˜ê°€ì›Œ!!!, writer=user, regtime=Mon Nov 16 14:36:37 KST 2020]
[2m2020-11-16 14:37:10.027[0;39m [32mDEBUG[0;39m [35m4648[0;39m [2m---[0;39m [2m[nio-9999-exec-6][0;39m [36mc.ssafy.vue.controller.BoardController  [0;39m [2m:[0;39m retrieveBoard - í˜¸ì¶œ
[2m2020-11-16 14:37:13.988[0;39m [32mDEBUG[0;39m [35m4648[0;39m [2m---[0;39m [2m[nio-9999-exec-5][0;39m [36mc.ssafy.vue.controller.BoardController  [0;39m [2m:[0;39m detailBoard - í˜¸ì¶œ
[2m2020-11-16 14:37:14.699[0;39m [32mDEBUG[0;39m [35m4648[0;39m [2m---[0;39m [2m[nio-9999-exec-7][0;39m [36mc.ssafy.vue.controller.BoardController  [0;39m [2m:[0;39m retrieveBoard - í˜¸ì¶œ
[2m2020-11-16 14:37:17.899[0;39m [32mDEBUG[0;39m [35m4648[0;39m [2m---[0;39m [2m[nio-9999-exec-9][0;39m [36mc.ssafy.vue.controller.BoardController  [0;39m [2m:[0;39m deleteBoard - í˜¸ì¶œ
[2m2020-11-16 14:37:19.059[0;39m [32mDEBUG[0;39m [35m4648[0;39m [2m---[0;39m [2m[nio-9999-exec-1][0;39m [36mc.ssafy.vue.controller.BoardController  [0;39m [2m:[0;39m retrieveBoard - í˜¸ì¶œ
